<?xml version="1.0" encoding="UTF-8"?>
<testng-results ignored="0" total="1" passed="1" failed="0" skipped="0">
  <reporter-output>
    <line>
      <![CDATA[Application Lauched]]>
    </line>
    <line>
      <![CDATA[Sign In Sucessful]]>
    </line>
    <line>
      <![CDATA[Intraction Sucessful with Chatbot]]>
    </line>
    <line>
      <![CDATA[UI ResponseA neural network is a series of algorithms that mimics how the human brain operates.]]>
    </line>
    <line>
      <![CDATA[dialogflowResponseA neural network is a series of algorithms that mimics how the human brain operates.]]>
    </line>
    <line>
      <![CDATA[Trained Data is Matching]]>
    </line>
  </reporter-output>
  <suite started-at="2025-04-03T23:29:25 IST" name="Default suite" finished-at="2025-04-03T23:30:20 IST" duration-ms="54273">
    <groups>
      <group name="cucumber">
        <method signature="AbstractTestNGCucumberTests.runScenario(io.cucumber.testng.PickleWrapper,io.cucumber.testng.FeatureWrapper)[pri:0, instance:runners.TestRunner@2d1ef81a]" name="runScenario" class="io.cucumber.testng.AbstractTestNGCucumberTests"/>
      </group> <!-- cucumber -->
    </groups>
    <test started-at="2025-04-03T23:29:25 IST" name="Default test" finished-at="2025-04-03T23:30:20 IST" duration-ms="54273">
      <class name="runners.TestRunner">
        <test-method is-config="true" signature="setUpClass(org.testng.ITestContext)[pri:0, instance:runners.TestRunner@2d1ef81a]" started-at="2025-04-03T23:29:26 IST" name="setUpClass" finished-at="2025-04-03T23:29:27 IST" duration-ms="1982" status="PASS">
          <params>
            <param index="0">
              <value>
                <![CDATA[org.testng.TestRunner@49653791]]>
              </value>
            </param>
          </params>
          <reporter-output>
          </reporter-output>
        </test-method> <!-- setUpClass -->
        <test-method signature="runScenario(io.cucumber.testng.PickleWrapper,io.cucumber.testng.FeatureWrapper)[pri:0, instance:runners.TestRunner@2d1ef81a]" started-at="2025-04-03T23:29:28 IST" name="runScenario" description="Runs Cucumber Scenarios" data-provider="scenarios" finished-at="2025-04-03T23:30:20 IST" duration-ms="52032" status="PASS">
          <params>
            <param index="0">
              <value>
                <![CDATA["Validate AI response to a general question"]]>
              </value>
            </param>
            <param index="1">
              <value>
                <![CDATA["DeepAI Chatbot Tests"]]>
              </value>
            </param>
          </params>
          <reporter-output>
            <line>
              <![CDATA[Application Lauched]]>
            </line>
            <line>
              <![CDATA[Sign In Sucessful]]>
            </line>
            <line>
              <![CDATA[Intraction Sucessful with Chatbot]]>
            </line>
            <line>
              <![CDATA[UI ResponseA neural network is a series of algorithms that mimics how the human brain operates.]]>
            </line>
            <line>
              <![CDATA[dialogflowResponseA neural network is a series of algorithms that mimics how the human brain operates.]]>
            </line>
            <line>
              <![CDATA[Trained Data is Matching]]>
            </line>
          </reporter-output>
        </test-method> <!-- runScenario -->
        <test-method is-config="true" signature="tearDownClass()[pri:0, instance:runners.TestRunner@2d1ef81a]" started-at="2025-04-03T23:30:20 IST" name="tearDownClass" finished-at="2025-04-03T23:30:20 IST" duration-ms="166" status="PASS">
          <reporter-output>
          </reporter-output>
        </test-method> <!-- tearDownClass -->
      </class> <!-- runners.TestRunner -->
    </test> <!-- Default test -->
  </suite> <!-- Default suite -->
</testng-results>
